<?xml version="1.0" encoding="UTF-8"?>
<!-- Generated by org.testng.reporters.JUnitXMLReporter -->
<testsuite ignored="0" hostname="DESKTOP-9IJIBQD" failures="3" tests="12" name="Test" time="296.455" errors="0" timestamp="2022-10-03T13:24:14 IST">
  <testcase classname="com.idream.iprepLearning.tests.RegisterationpageTest" name="register" time="8.14">
    <failure type="java.lang.AssertionError" message="expected [Name field is required.] but found [all fields are required]">
      <![CDATA[java.lang.AssertionError: expected [Name field is required.] but found [all fields are required]
at com.idream.iprepLearning.Pages.RegistrationPage.validateSignUp(RegistrationPage.java:61)
at com.idream.iprepLearning.tests.RegisterationpageTest.register(RegisterationpageTest.java:73)
at java.base/java.util.ArrayList.forEach(ArrayList.java:1511)
... Removed 33 stack frames]]>
    </failure>
  </testcase> <!-- register -->
  <testcase classname="com.idream.iprepLearning.tests.RegisterationpageTest" name="validateCred" time="13.568"/>
  <testcase classname="com.idream.iprepLearning.tests.RegisterationpageTest" name="validCredentials" time="21.992"/>
  <testcase classname="com.idream.iprepLearning.tests.RegisterationpageTest" name="verifyOTP" time="17.683"/>
  <testcase classname="com.idream.iprepLearning.tests.RegisterationpageTest" name="validatePasswordBar" time="11.552"/>
  <testcase classname="com.idream.iprepLearning.tests.RegisterationpageTest" name="validateUsername" time="7.352"/>
  <testcase classname="com.idream.iprepLearning.tests.RegisterationpageTest" name="signUp" time="14.95"/>
  <testcase classname="com.idream.iprepLearning.tests.RegisterationpageTest" name="invalidSignUp" time="15.807"/>
  <testcase classname="com.idream.iprepLearning.tests.RegisterationpageTest" name="validateGmailSignUp" time="16.777"/>
  <testcase classname="com.idream.iprepLearning.tests.RegisterationpageTest" name="validateRememberMeCheckBox" time="7.756">
    <failure type="java.lang.AssertionError" message="expected [false] but found [true]">
      <![CDATA[java.lang.AssertionError: expected [false] but found [true]
at com.idream.iprepLearning.Pages.SignInPage.validateRememberMe(SignInPage.java:80)
at com.idream.iprepLearning.tests.RegisterationpageTest.validateRememberMeCheckBox(RegisterationpageTest.java:145)
at java.base/java.util.ArrayList.forEach(ArrayList.java:1511)
... Removed 33 stack frames]]>
    </failure>
  </testcase> <!-- validateRememberMeCheckBox -->
  <testcase classname="com.idream.iprepLearning.tests.RegisterationpageTest" name="validateChangeBoard" time="24.855"/>
  <testcase classname="com.idream.iprepLearning.tests.RegisterationpageTest" name="onBoard" time="33.613">
    <failure type="org.openqa.selenium.ElementNotInteractableException" message="element not interactable
  (Session info: chrome=105.0.5195.127)
Build info: version: &amp;apos;4.4.0&amp;apos;, revision: &amp;apos;e5c75ed026a&amp;apos;
System info: host: &amp;apos;DESKTOP-9IJIBQD&amp;apos;, ip: &amp;apos;192.168.0.111&amp;apos;, os.name: &amp;apos;Windows 10&amp;apos;, os.arch: &amp;apos;amd64&amp;apos;, os.version: &amp;apos;10.0&amp;apos;, java.version: &amp;apos;17.0.3&amp;apos;
Driver info: org.openqa.selenium.chrome.ChromeDriver
Command: [fa04bfd7632c8f508fe6d5db148533b0, clickElement {id=ae6afbba-460d-477a-bd12-c33aa29d8894}]
Capabilities {acceptInsecureCerts: false, browserName: chrome, browserVersion: 105.0.5195.127, chrome: {chromedriverVersion: 105.0.5195.52 (412c95e51883..., userDataDir: C:\Users\Dell\AppData\Local...}, goog:chromeOptions: {debuggerAddress: localhost:57794}, networkConnectionEnabled: false, pageLoadStrategy: normal, platformName: WINDOWS, proxy: Proxy(), se:cdp: ws://localhost:57794/devtoo..., se:cdpVersion: 105.0.5195.127, setWindowRect: true, strictFileInteractability: false, timeouts: {implicit: 0, pageLoad: 300000, script: 30000}, unhandledPromptBehavior: dismiss and notify, webauthn:extension:credBlob: true, webauthn:extension:largeBlob: true, webauthn:virtualAuthenticators: true}
Element: [[ChromeDriver: chrome on WINDOWS (fa04bfd7632c8f508fe6d5db148533b0)] -&amp;gt; xpath: //button[text()=&amp;apos;Learn Now&amp;apos;]]
Session ID: fa04bfd7632c8f508fe6d5db148533b0">
      <![CDATA[org.openqa.selenium.ElementNotInteractableException: element not interactable
  (Session info: chrome=105.0.5195.127)
Build info: version: '4.4.0', revision: 'e5c75ed026a'
System info: host: 'DESKTOP-9IJIBQD', ip: '192.168.0.111', os.name: 'Windows 10', os.arch: 'amd64', os.version: '10.0', java.version: '17.0.3'
Driver info: org.openqa.selenium.chrome.ChromeDriver
Command: [fa04bfd7632c8f508fe6d5db148533b0, clickElement {id=ae6afbba-460d-477a-bd12-c33aa29d8894}]
Capabilities {acceptInsecureCerts: false, browserName: chrome, browserVersion: 105.0.5195.127, chrome: {chromedriverVersion: 105.0.5195.52 (412c95e51883..., userDataDir: C:\Users\Dell\AppData\Local...}, goog:chromeOptions: {debuggerAddress: localhost:57794}, networkConnectionEnabled: false, pageLoadStrategy: normal, platformName: WINDOWS, proxy: Proxy(), se:cdp: ws://localhost:57794/devtoo..., se:cdpVersion: 105.0.5195.127, setWindowRect: true, strictFileInteractability: false, timeouts: {implicit: 0, pageLoad: 300000, script: 30000}, unhandledPromptBehavior: dismiss and notify, webauthn:extension:credBlob: true, webauthn:extension:largeBlob: true, webauthn:virtualAuthenticators: true}
Element: [[ChromeDriver: chrome on WINDOWS (fa04bfd7632c8f508fe6d5db148533b0)] -> xpath: //button[text()='Learn Now']]
Session ID: fa04bfd7632c8f508fe6d5db148533b0
at org.openqa.selenium.remote.codec.w3c.W3CHttpResponseCodec.createException(W3CHttpResponseCodec.java:200)
at org.openqa.selenium.remote.codec.w3c.W3CHttpResponseCodec.decode(W3CHttpResponseCodec.java:133)
at org.openqa.selenium.remote.codec.w3c.W3CHttpResponseCodec.decode(W3CHttpResponseCodec.java:53)
at org.openqa.selenium.remote.HttpCommandExecutor.execute(HttpCommandExecutor.java:184)
at org.openqa.selenium.remote.service.DriverCommandExecutor.invokeExecute(DriverCommandExecutor.java:167)
at org.openqa.selenium.remote.service.DriverCommandExecutor.execute(DriverCommandExecutor.java:142)
at org.openqa.selenium.remote.RemoteWebDriver.execute(RemoteWebDriver.java:547)
at org.openqa.selenium.remote.RemoteWebElement.execute(RemoteWebElement.java:257)
at org.openqa.selenium.remote.RemoteWebElement.click(RemoteWebElement.java:78)
at org.openqa.selenium.support.pagefactory.internal.LocatingElementHandler.invoke(LocatingElementHandler.java:52)
at jdk.proxy2/jdk.proxy2.$Proxy18.click(Unknown Source)
at com.idream.iprepLearning.Pages.DashBoardPage.onBoardFlow(DashBoardPage.java:92)
at com.idream.iprepLearning.tests.RegisterationpageTest.onBoard(RegisterationpageTest.java:166)
at java.base/java.util.ArrayList.forEach(ArrayList.java:1511)
... Removed 36 stack frames]]>
    </failure>
  </testcase> <!-- onBoard -->
</testsuite> <!-- Test -->
